TN:
SF:controllers\exportController.js
FN:4,(anonymous_0)
FN:33,(anonymous_1)
FN:54,(anonymous_2)
FN:87,(anonymous_3)
FNF:4
FNH:4
FNDA:3,(anonymous_0)
FNDA:1,(anonymous_1)
FNDA:3,(anonymous_2)
FNDA:1,(anonymous_3)
DA:1,1
DA:2,1
DA:4,1
DA:5,3
DA:6,3
DA:7,3
DA:10,2
DA:11,2
DA:14,2
DA:17,2
DA:18,2
DA:21,2
DA:22,2
DA:23,2
DA:24,2
DA:25,2
DA:26,2
DA:30,2
DA:31,2
DA:32,1
DA:33,1
DA:34,1
DA:35,0
DA:36,0
DA:38,1
DA:42,1
DA:47,2
DA:49,1
DA:50,1
DA:54,1
DA:55,3
DA:56,3
DA:57,3
DA:60,2
DA:61,2
DA:66,2
DA:67,2
DA:76,2
DA:77,2
DA:85,2
DA:86,1
DA:87,1
DA:98,2
DA:99,2
DA:102,2
DA:103,2
DA:105,1
DA:106,1
LF:48
LH:46
BRDA:22,0,0,2
BRDA:22,0,1,0
BRDA:23,1,0,2
BRDA:23,1,1,1
BRDA:24,2,0,2
BRDA:24,2,1,1
BRDA:25,3,0,2
BRDA:25,3,1,1
BRDA:26,4,0,2
BRDA:26,4,1,1
BRDA:31,5,0,1
BRDA:31,5,1,1
BRDA:31,6,0,2
BRDA:31,6,1,2
BRDA:34,7,0,0
BRDA:34,7,1,1
BRDA:66,8,0,2
BRDA:66,8,1,0
BRDA:68,9,0,2
BRDA:68,9,1,1
BRDA:69,10,0,2
BRDA:69,10,1,1
BRDA:70,11,0,2
BRDA:70,11,1,1
BRDA:71,12,0,2
BRDA:71,12,1,1
BRDA:85,13,0,1
BRDA:85,13,1,1
BRDA:85,14,0,2
BRDA:85,14,1,2
BRF:30
BRH:27
end_of_record
